This is pdfTeX, Version 3.14159265-2.6-1.40.17 (TeX Live 2016) (preloaded format=pdflatex 2016.5.22)  25 MAY 2020 15:39
entering extended mode
 \write18 enabled.
 file:line:error style messages enabled.
 %&-line parsing enabled.
**"052520 Woo and Monroe.tex"
(./052520 Woo and Monroe.tex
LaTeX2e <2016/03/31>
Babel <3.9r> and hyphenation patterns for 83 language(s) loaded.
(/usr/local/texlive/2016/texmf-dist/tex/latex/base/article.cls
Document Class: article 2014/09/29 v1.4h Standard LaTeX document class
(/usr/local/texlive/2016/texmf-dist/tex/latex/base/size12.clo
File: size12.clo 2014/09/29 v1.4h Standard LaTeX file (size option)
)
\c@part=\count79
\c@section=\count80
\c@subsection=\count81
\c@subsubsection=\count82
\c@paragraph=\count83
\c@subparagraph=\count84
\c@figure=\count85
\c@table=\count86
\abovecaptionskip=\skip41
\belowcaptionskip=\skip42
\bibindent=\dimen102
) (/usr/local/texlive/2016/texmf-dist/tex/latex/geometry/geometry.sty
Package: geometry 2010/09/12 v5.6 Page Geometry
 (/usr/local/texlive/2016/texmf-dist/tex/latex/graphics/keyval.sty
Package: keyval 2014/10/28 v1.15 key=value parser (DPC)
\KV@toks@=\toks14
) (/usr/local/texlive/2016/texmf-dist/tex/generic/oberdiek/ifpdf.sty
Package: ifpdf 2016/05/14 v3.1 Provides the ifpdf switch
) (/usr/local/texlive/2016/texmf-dist/tex/generic/oberdiek/ifvtex.sty
Package: ifvtex 2016/05/16 v1.6 Detect VTeX and its facilities (HO)
Package ifvtex Info: VTeX not detected.
) (/usr/local/texlive/2016/texmf-dist/tex/generic/ifxetex/ifxetex.sty
Package: ifxetex 2010/09/12 v0.6 Provides ifxetex conditional
)
\Gm@cnth=\count87
\Gm@cntv=\count88
\c@Gm@tempcnt=\count89
\Gm@bindingoffset=\dimen103
\Gm@wd@mp=\dimen104
\Gm@odd@mp=\dimen105
\Gm@even@mp=\dimen106
\Gm@layoutwidth=\dimen107
\Gm@layoutheight=\dimen108
\Gm@layouthoffset=\dimen109
\Gm@layoutvoffset=\dimen110
\Gm@dimlist=\toks15
) (/usr/local/texlive/2016/texmf-dist/tex/latex/graphics/graphicx.sty
Package: graphicx 2014/10/28 v1.0g Enhanced LaTeX Graphics (DPC,SPQR)
 (/usr/local/texlive/2016/texmf-dist/tex/latex/graphics/graphics.sty
Package: graphics 2016/05/09 v1.0r Standard LaTeX Graphics (DPC,SPQR)
 (/usr/local/texlive/2016/texmf-dist/tex/latex/graphics/trig.sty
Package: trig 2016/01/03 v1.10 sin cos tan (DPC)
) (/usr/local/texlive/2016/texmf-dist/tex/latex/graphics-cfg/graphics.cfg
File: graphics.cfg 2016/01/02 v1.10 sample graphics configuration
)
Package graphics Info: Driver file: pdftex.def on input line 96.
 (/usr/local/texlive/2016/texmf-dist/tex/latex/pdftex-def/pdftex.def
File: pdftex.def 2011/05/27 v0.06d Graphics/color for pdfTeX
 (/usr/local/texlive/2016/texmf-dist/tex/generic/oberdiek/infwarerr.sty
Package: infwarerr 2016/05/16 v1.4 Providing info/warning/error messages (HO)
) (/usr/local/texlive/2016/texmf-dist/tex/generic/oberdiek/ltxcmds.sty
Package: ltxcmds 2016/05/16 v1.23 LaTeX kernel commands for general use (HO)
)
\Gread@gobject=\count90
))
\Gin@req@height=\dimen111
\Gin@req@width=\dimen112
) (/usr/local/texlive/2016/texmf-dist/tex/latex/fourier/fourier.sty
Package: fourier 2005/01/01 1.4 fourier-GUTenberg package
 (/usr/local/texlive/2016/texmf-dist/tex/latex/base/fontenc.sty
Package: fontenc 2005/09/27 v1.99g Standard LaTeX package
 (/usr/local/texlive/2016/texmf-dist/tex/latex/base/t1enc.def
File: t1enc.def 2005/09/27 v1.99g Standard LaTeX file
LaTeX Font Info:    Redeclaring font encoding T1 on input line 48.
)) (/usr/local/texlive/2016/texmf-dist/tex/latex/base/textcomp.sty
Package: textcomp 2005/09/27 v1.99g Standard LaTeX package
Package textcomp Info: Sub-encoding information:
(textcomp)               5 = only ISO-Adobe without \textcurrency
(textcomp)               4 = 5 + \texteuro
(textcomp)               3 = 4 + \textohm
(textcomp)               2 = 3 + \textestimated + \textcurrency
(textcomp)               1 = TS1 - \textcircled - \t
(textcomp)               0 = TS1 (full)
(textcomp)             Font families with sub-encoding setting implement
(textcomp)             only a restricted character set as indicated.
(textcomp)             Family '?' is the default used for unknown fonts.
(textcomp)             See the documentation for details.
Package textcomp Info: Setting ? sub-encoding to TS1/1 on input line 79.
 (/usr/local/texlive/2016/texmf-dist/tex/latex/base/ts1enc.def
File: ts1enc.def 2001/06/05 v3.0e (jk/car/fm) Standard LaTeX file
)
LaTeX Info: Redefining \oldstylenums on input line 334.
Package textcomp Info: Setting cmr sub-encoding to TS1/0 on input line 349.
Package textcomp Info: Setting cmss sub-encoding to TS1/0 on input line 350.
Package textcomp Info: Setting cmtt sub-encoding to TS1/0 on input line 351.
Package textcomp Info: Setting cmvtt sub-encoding to TS1/0 on input line 352.
Package textcomp Info: Setting cmbr sub-encoding to TS1/0 on input line 353.
Package textcomp Info: Setting cmtl sub-encoding to TS1/0 on input line 354.
Package textcomp Info: Setting ccr sub-encoding to TS1/0 on input line 355.
Package textcomp Info: Setting ptm sub-encoding to TS1/4 on input line 356.
Package textcomp Info: Setting pcr sub-encoding to TS1/4 on input line 357.
Package textcomp Info: Setting phv sub-encoding to TS1/4 on input line 358.
Package textcomp Info: Setting ppl sub-encoding to TS1/3 on input line 359.
Package textcomp Info: Setting pag sub-encoding to TS1/4 on input line 360.
Package textcomp Info: Setting pbk sub-encoding to TS1/4 on input line 361.
Package textcomp Info: Setting pnc sub-encoding to TS1/4 on input line 362.
Package textcomp Info: Setting pzc sub-encoding to TS1/4 on input line 363.
Package textcomp Info: Setting bch sub-encoding to TS1/4 on input line 364.
Package textcomp Info: Setting put sub-encoding to TS1/5 on input line 365.
Package textcomp Info: Setting uag sub-encoding to TS1/5 on input line 366.
Package textcomp Info: Setting ugq sub-encoding to TS1/5 on input line 367.
Package textcomp Info: Setting ul8 sub-encoding to TS1/4 on input line 368.
Package textcomp Info: Setting ul9 sub-encoding to TS1/4 on input line 369.
Package textcomp Info: Setting augie sub-encoding to TS1/5 on input line 370.
Package textcomp Info: Setting dayrom sub-encoding to TS1/3 on input line 371.
Package textcomp Info: Setting dayroms sub-encoding to TS1/3 on input line 372.
Package textcomp Info: Setting pxr sub-encoding to TS1/0 on input line 373.
Package textcomp Info: Setting pxss sub-encoding to TS1/0 on input line 374.
Package textcomp Info: Setting pxtt sub-encoding to TS1/0 on input line 375.
Package textcomp Info: Setting txr sub-encoding to TS1/0 on input line 376.
Package textcomp Info: Setting txss sub-encoding to TS1/0 on input line 377.
Package textcomp Info: Setting txtt sub-encoding to TS1/0 on input line 378.
Package textcomp Info: Setting lmr sub-encoding to TS1/0 on input line 379.
Package textcomp Info: Setting lmdh sub-encoding to TS1/0 on input line 380.
Package textcomp Info: Setting lmss sub-encoding to TS1/0 on input line 381.
Package textcomp Info: Setting lmssq sub-encoding to TS1/0 on input line 382.
Package textcomp Info: Setting lmvtt sub-encoding to TS1/0 on input line 383.
Package textcomp Info: Setting lmtt sub-encoding to TS1/0 on input line 384.
Package textcomp Info: Setting qhv sub-encoding to TS1/0 on input line 385.
Package textcomp Info: Setting qag sub-encoding to TS1/0 on input line 386.
Package textcomp Info: Setting qbk sub-encoding to TS1/0 on input line 387.
Package textcomp Info: Setting qcr sub-encoding to TS1/0 on input line 388.
Package textcomp Info: Setting qcs sub-encoding to TS1/0 on input line 389.
Package textcomp Info: Setting qpl sub-encoding to TS1/0 on input line 390.
Package textcomp Info: Setting qtm sub-encoding to TS1/0 on input line 391.
Package textcomp Info: Setting qzc sub-encoding to TS1/0 on input line 392.
Package textcomp Info: Setting qhvc sub-encoding to TS1/0 on input line 393.
Package textcomp Info: Setting futs sub-encoding to TS1/4 on input line 394.
Package textcomp Info: Setting futx sub-encoding to TS1/4 on input line 395.
Package textcomp Info: Setting futj sub-encoding to TS1/4 on input line 396.
Package textcomp Info: Setting hlh sub-encoding to TS1/3 on input line 397.
Package textcomp Info: Setting hls sub-encoding to TS1/3 on input line 398.
Package textcomp Info: Setting hlst sub-encoding to TS1/3 on input line 399.
Package textcomp Info: Setting hlct sub-encoding to TS1/5 on input line 400.
Package textcomp Info: Setting hlx sub-encoding to TS1/5 on input line 401.
Package textcomp Info: Setting hlce sub-encoding to TS1/5 on input line 402.
Package textcomp Info: Setting hlcn sub-encoding to TS1/5 on input line 403.
Package textcomp Info: Setting hlcw sub-encoding to TS1/5 on input line 404.
Package textcomp Info: Setting hlcf sub-encoding to TS1/5 on input line 405.
Package textcomp Info: Setting pplx sub-encoding to TS1/3 on input line 406.
Package textcomp Info: Setting pplj sub-encoding to TS1/3 on input line 407.
Package textcomp Info: Setting ptmx sub-encoding to TS1/4 on input line 408.
Package textcomp Info: Setting ptmj sub-encoding to TS1/4 on input line 409.
) (/usr/local/texlive/2016/texmf-dist/tex/latex/fourier/fourier-orns.sty
Package: fourier-orns 2004/01/30 1.1 fourier-ornaments package
)
LaTeX Font Info:    Redeclaring symbol font `operators' on input line 50.
LaTeX Font Info:    Encoding `OT1' has changed to `T1' for symbol font
(Font)              `operators' in the math version `normal' on input line 50.
LaTeX Font Info:    Overwriting symbol font `operators' in version `normal'
(Font)                  OT1/cmr/m/n --> T1/futs/m/n on input line 50.
LaTeX Font Info:    Encoding `OT1' has changed to `T1' for symbol font
(Font)              `operators' in the math version `bold' on input line 50.
LaTeX Font Info:    Overwriting symbol font `operators' in version `bold'
(Font)                  OT1/cmr/bx/n --> T1/futs/m/n on input line 50.
LaTeX Font Info:    Overwriting symbol font `operators' in version `bold'
(Font)                  T1/futs/m/n --> T1/futs/b/n on input line 51.
LaTeX Font Info:    Redeclaring symbol font `letters' on input line 59.
LaTeX Font Info:    Encoding `OML' has changed to `FML' for symbol font
(Font)              `letters' in the math version `normal' on input line 59.
LaTeX Font Info:    Overwriting symbol font `letters' in version `normal'
(Font)                  OML/cmm/m/it --> FML/futmi/m/it on input line 59.
LaTeX Font Info:    Encoding `OML' has changed to `FML' for symbol font
(Font)              `letters' in the math version `bold' on input line 59.
LaTeX Font Info:    Overwriting symbol font `letters' in version `bold'
(Font)                  OML/cmm/b/it --> FML/futmi/m/it on input line 59.
\symotherletters=\mathgroup4
LaTeX Font Info:    Overwriting symbol font `letters' in version `bold'
(Font)                  FML/futmi/m/it --> FML/futmi/b/it on input line 61.
LaTeX Font Info:    Overwriting symbol font `otherletters' in version `bold'
(Font)                  FML/futm/m/it --> FML/futm/b/it on input line 62.
LaTeX Font Info:    Redeclaring math symbol \Gamma on input line 63.
LaTeX Font Info:    Redeclaring math symbol \Delta on input line 64.
LaTeX Font Info:    Redeclaring math symbol \Theta on input line 65.
LaTeX Font Info:    Redeclaring math symbol \Lambda on input line 66.
LaTeX Font Info:    Redeclaring math symbol \Xi on input line 67.
LaTeX Font Info:    Redeclaring math symbol \Pi on input line 68.
LaTeX Font Info:    Redeclaring math symbol \Sigma on input line 69.
LaTeX Font Info:    Redeclaring math symbol \Upsilon on input line 70.
LaTeX Font Info:    Redeclaring math symbol \Phi on input line 71.
LaTeX Font Info:    Redeclaring math symbol \Psi on input line 72.
LaTeX Font Info:    Redeclaring math symbol \Omega on input line 73.
LaTeX Font Info:    Redeclaring symbol font `symbols' on input line 113.
LaTeX Font Info:    Encoding `OMS' has changed to `FMS' for symbol font
(Font)              `symbols' in the math version `normal' on input line 113.
LaTeX Font Info:    Overwriting symbol font `symbols' in version `normal'
(Font)                  OMS/cmsy/m/n --> FMS/futm/m/n on input line 113.
LaTeX Font Info:    Encoding `OMS' has changed to `FMS' for symbol font
(Font)              `symbols' in the math version `bold' on input line 113.
LaTeX Font Info:    Overwriting symbol font `symbols' in version `bold'
(Font)                  OMS/cmsy/b/n --> FMS/futm/m/n on input line 113.
LaTeX Font Info:    Redeclaring symbol font `largesymbols' on input line 114.
LaTeX Font Info:    Encoding `OMX' has changed to `FMX' for symbol font
(Font)              `largesymbols' in the math version `normal' on input line 114.
LaTeX Font Info:    Overwriting symbol font `largesymbols' in version `normal'
(Font)                  OMX/cmex/m/n --> FMX/futm/m/n on input line 114.
LaTeX Font Info:    Encoding `OMX' has changed to `FMX' for symbol font
(Font)              `largesymbols' in the math version `bold' on input line 114.
LaTeX Font Info:    Overwriting symbol font `largesymbols' in version `bold'
(Font)                  OMX/cmex/m/n --> FMX/futm/m/n on input line 114.
LaTeX Font Info:    Redeclaring math alphabet \mathbf on input line 115.
LaTeX Font Info:    Overwriting math alphabet `\mathbf' in version `normal'
(Font)                  OT1/cmr/bx/n --> T1/futs/bx/n on input line 115.
LaTeX Font Info:    Overwriting math alphabet `\mathbf' in version `bold'
(Font)                  OT1/cmr/bx/n --> T1/futs/bx/n on input line 115.
LaTeX Font Info:    Redeclaring math alphabet \mathrm on input line 116.
LaTeX Font Info:    Redeclaring math alphabet \mathit on input line 117.
LaTeX Font Info:    Overwriting math alphabet `\mathit' in version `normal'
(Font)                  OT1/cmr/m/it --> T1/futs/m/it on input line 117.
LaTeX Font Info:    Overwriting math alphabet `\mathit' in version `bold'
(Font)                  OT1/cmr/bx/it --> T1/futs/m/it on input line 117.
LaTeX Font Info:    Redeclaring math alphabet \mathcal on input line 118.
LaTeX Font Info:    Redeclaring math symbol \parallel on input line 134.
LaTeX Font Info:    Redeclaring math symbol \hbar on input line 148.
LaTeX Font Info:    Redeclaring math symbol \varkappa on input line 186.
LaTeX Font Info:    Redeclaring math symbol \varvarrho on input line 187.
LaTeX Font Info:    Redeclaring math delimiter \Vert on input line 210.
LaTeX Font Info:    Redeclaring math delimiter \vert on input line 215.
LaTeX Font Info:    Redeclaring math delimiter \Downarrow on input line 225.
LaTeX Font Info:    Redeclaring math delimiter \backslash on input line 227.
LaTeX Font Info:    Redeclaring math delimiter \rangle on input line 229.
LaTeX Font Info:    Redeclaring math delimiter \langle on input line 231.
LaTeX Font Info:    Redeclaring math delimiter \rbrace on input line 233.
LaTeX Font Info:    Redeclaring math delimiter \lbrace on input line 235.
LaTeX Font Info:    Redeclaring math delimiter \rceil on input line 237.
LaTeX Font Info:    Redeclaring math delimiter \lceil on input line 239.
LaTeX Font Info:    Redeclaring math delimiter \rfloor on input line 241.
LaTeX Font Info:    Redeclaring math delimiter \lfloor on input line 243.
LaTeX Font Info:    Redeclaring math accent \acute on input line 247.
LaTeX Font Info:    Redeclaring math accent \grave on input line 248.
LaTeX Font Info:    Redeclaring math accent \ddot on input line 249.
LaTeX Font Info:    Redeclaring math accent \tilde on input line 250.
LaTeX Font Info:    Redeclaring math accent \bar on input line 251.
LaTeX Font Info:    Redeclaring math accent \breve on input line 252.
LaTeX Font Info:    Redeclaring math accent \check on input line 253.
LaTeX Font Info:    Redeclaring math accent \hat on input line 254.
LaTeX Font Info:    Redeclaring math accent \dot on input line 255.
LaTeX Font Info:    Redeclaring math accent \mathring on input line 256.
\symUfutm=\mathgroup5
) (/usr/local/texlive/2016/texmf-dist/tex/latex/multirow/multirow.sty
\bigstrutjot=\dimen113
) (/usr/local/texlive/2016/texmf-dist/tex/latex/setspace/setspace.sty
Package: setspace 2011/12/19 v6.7a set line spacing
) (/usr/local/texlive/2016/texmf-dist/tex/latex/endnotes/endnotes.sty
\c@endnote=\count91
\endnotesep=\dimen114
\@enotes=\write3
) (/usr/local/texlive/2016/texmf-dist/tex/latex/oberdiek/epstopdf.sty
Package: epstopdf 2016/05/15 v2.6 Conversion with epstopdf on the fly (HO)
 (/usr/local/texlive/2016/texmf-dist/tex/latex/oberdiek/epstopdf-base.sty
Package: epstopdf-base 2016/05/15 v2.6 Base part for package epstopdf
 (/usr/local/texlive/2016/texmf-dist/tex/latex/oberdiek/grfext.sty
Package: grfext 2016/05/16 v1.2 Manage graphics extensions (HO)
 (/usr/local/texlive/2016/texmf-dist/tex/generic/oberdiek/kvdefinekeys.sty
Package: kvdefinekeys 2016/05/16 v1.4 Define keys (HO)
)) (/usr/local/texlive/2016/texmf-dist/tex/latex/oberdiek/kvoptions.sty
Package: kvoptions 2016/05/16 v3.12 Key value format for package options (HO)
 (/usr/local/texlive/2016/texmf-dist/tex/generic/oberdiek/kvsetkeys.sty
Package: kvsetkeys 2016/05/16 v1.17 Key value parser (HO)
 (/usr/local/texlive/2016/texmf-dist/tex/generic/oberdiek/etexcmds.sty
Package: etexcmds 2016/05/16 v1.6 Avoid name clashes with e-TeX commands (HO)

(/usr/local/texlive/2016/texmf-dist/tex/generic/oberdiek/ifluatex.sty
Package: ifluatex 2016/05/16 v1.4 Provides the ifluatex switch (HO)
Package ifluatex Info: LuaTeX not detected.
)
Package etexcmds Info: Could not find \expanded.
(etexcmds)             That can mean that you are not using pdfTeX 1.50 or
(etexcmds)             that some package has redefined \expanded.
(etexcmds)             In the latter case, load this package earlier.
))) (/usr/local/texlive/2016/texmf-dist/tex/generic/oberdiek/pdftexcmds.sty
Package: pdftexcmds 2016/05/10 v0.21 Utility functions of pdfTeX for LuaTeX (HO)
Package pdftexcmds Info: LuaTeX not detected.
Package pdftexcmds Info: \pdf@primitive is available.
Package pdftexcmds Info: \pdf@ifprimitive is available.
Package pdftexcmds Info: \pdfdraftmode found.
)
Package grfext Info: Graphics extension search list:
(grfext)             [.png,.pdf,.jpg,.mps,.jpeg,.jbig2,.jb2,.PNG,.PDF,.JPG,.JPEG,.JBIG2,.JB2,.eps]
(grfext)             \AppendGraphicsExtensions on input line 456.
 (/usr/local/texlive/2016/texmf-dist/tex/latex/latexconfig/epstopdf-sys.cfg
File: epstopdf-sys.cfg 2010/07/13 v1.3 Configuration of (r)epstopdf for TeX Live
))) (/usr/local/texlive/2016/texmf-dist/tex/latex/amsfonts/amsfonts.sty
Package: amsfonts 2013/01/14 v3.01 Basic AMSFonts support
\@emptytoks=\toks16
\symAMSa=\mathgroup6
\symAMSb=\mathgroup7
LaTeX Font Info:    Overwriting math alphabet `\mathfrak' in version `bold'
(Font)                  U/euf/m/n --> U/euf/b/n on input line 106.
LaTeX Font Info:    Redeclaring math symbol \square on input line 141.
) (/usr/local/texlive/2016/texmf-dist/tex/latex/tools/enumerate.sty
Package: enumerate 2015/07/23 v3.00 enumerate extensions (DPC)
\@enLab=\toks17
) (/usr/local/texlive/2016/texmf-dist/tex/latex/subfigure/subfigure.sty
Package: subfigure 2002/03/15 v2.1.5 subfigure package
\subfigtopskip=\skip43
\subfigcapskip=\skip44
\subfigcaptopadj=\dimen115
\subfigbottomskip=\skip45
\subfigcapmargin=\dimen116
\subfiglabelskip=\skip46
\c@subfigure=\count92
\c@lofdepth=\count93
\c@subtable=\count94
\c@lotdepth=\count95

****************************************
* Local config file subfigure.cfg used *
****************************************
(/usr/local/texlive/2016/texmf-dist/tex/latex/subfigure/subfigure.cfg)
\subfig@top=\skip47
\subfig@bottom=\skip48
) (/usr/local/texlive/2016/texmf-dist/tex/latex/tools/verbatim.sty
Package: verbatim 2014/10/28 v1.5q LaTeX2e package for verbatim enhancements
\every@verbatim=\toks18
\verbatim@line=\toks19
\verbatim@in@stream=\read1
) (/usr/local/texlive/2016/texmf-dist/tex/latex/graphics/color.sty
Package: color 2016/05/09 v1.1c Standard LaTeX Color (DPC)
 (/usr/local/texlive/2016/texmf-dist/tex/latex/graphics-cfg/color.cfg
File: color.cfg 2016/01/02 v1.6 sample color configuration
)
Package color Info: Driver file: pdftex.def on input line 144.
) (/usr/local/texlive/2016/texmf-dist/tex/latex/hyperref/hyperref.sty
Package: hyperref 2016/05/05 v6.83n Hypertext links for LaTeX
 (/usr/local/texlive/2016/texmf-dist/tex/generic/oberdiek/hobsub-hyperref.sty
Package: hobsub-hyperref 2016/05/16 v1.14 Bundle oberdiek, subset hyperref (HO)
 (/usr/local/texlive/2016/texmf-dist/tex/generic/oberdiek/hobsub-generic.sty
Package: hobsub-generic 2016/05/16 v1.14 Bundle oberdiek, subset generic (HO)
Package: hobsub 2016/05/16 v1.14 Construct package bundles (HO)
Package hobsub Info: Skipping package `infwarerr' (already loaded).
Package hobsub Info: Skipping package `ltxcmds' (already loaded).
Package hobsub Info: Skipping package `ifluatex' (already loaded).
Package hobsub Info: Skipping package `ifvtex' (already loaded).
Package: intcalc 2016/05/16 v1.2 Expandable calculations with integers (HO)
Package hobsub Info: Skipping package `ifpdf' (already loaded).
Package hobsub Info: Skipping package `etexcmds' (already loaded).
Package hobsub Info: Skipping package `kvsetkeys' (already loaded).
Package hobsub Info: Skipping package `kvdefinekeys' (already loaded).
Package hobsub Info: Skipping package `pdftexcmds' (already loaded).
Package: pdfescape 2016/05/16 v1.14 Implements pdfTeX's escape features (HO)
Package: bigintcalc 2016/05/16 v1.4 Expandable calculations on big integers (HO)
Package: bitset 2016/05/16 v1.2 Handle bit-vector datatype (HO)
Package: uniquecounter 2016/05/16 v1.3 Provide unlimited unique counter (HO)
)
Package hobsub Info: Skipping package `hobsub' (already loaded).
Package: letltxmacro 2016/05/16 v1.5 Let assignment for LaTeX macros (HO)
Package: hopatch 2016/05/16 v1.3 Wrapper for package hooks (HO)
Package: xcolor-patch 2016/05/16 xcolor patch
Package: atveryend 2016/05/16 v1.9 Hooks at the very end of document (HO)
Package atveryend Info: \enddocument detected (standard20110627).
Package: atbegshi 2016/05/16 v1.17 At begin shipout hook (HO)
Package: refcount 2016/05/16 v3.5 Data extraction from label references (HO)
Package: hycolor 2016/05/16 v1.8 Color options for hyperref/bookmark (HO)
) (/usr/local/texlive/2016/texmf-dist/tex/latex/oberdiek/auxhook.sty
Package: auxhook 2016/05/16 v1.4 Hooks for auxiliary files (HO)
)
\@linkdim=\dimen117
\Hy@linkcounter=\count96
\Hy@pagecounter=\count97
 (/usr/local/texlive/2016/texmf-dist/tex/latex/hyperref/pd1enc.def
File: pd1enc.def 2016/05/05 v6.83n Hyperref: PDFDocEncoding definition (HO)
)
\Hy@SavedSpaceFactor=\count98
 (/usr/local/texlive/2016/texmf-dist/tex/latex/latexconfig/hyperref.cfg
File: hyperref.cfg 2002/06/06 v1.2 hyperref configuration of TeXLive
)
Package hyperref Info: Hyper figures OFF on input line 4446.
Package hyperref Info: Link nesting OFF on input line 4451.
Package hyperref Info: Hyper index ON on input line 4454.
Package hyperref Info: Plain pages OFF on input line 4461.
Package hyperref Info: Backreferencing OFF on input line 4466.
Package hyperref Info: Implicit mode ON; LaTeX internals redefined.
Package hyperref Info: Bookmarks ON on input line 4691.
\c@Hy@tempcnt=\count99
 (/usr/local/texlive/2016/texmf-dist/tex/latex/url/url.sty
\Urlmuskip=\muskip10
Package: url 2013/09/16  ver 3.4  Verb mode for urls, etc.
)
LaTeX Info: Redefining \url on input line 5044.
\XeTeXLinkMargin=\dimen118
\Fld@menulength=\count100
\Field@Width=\dimen119
\Fld@charsize=\dimen120
Package hyperref Info: Hyper figures OFF on input line 6298.
Package hyperref Info: Link nesting OFF on input line 6303.
Package hyperref Info: Hyper index ON on input line 6306.
Package hyperref Info: backreferencing OFF on input line 6313.
Package hyperref Info: Link coloring OFF on input line 6318.
Package hyperref Info: Link coloring with OCG OFF on input line 6323.
Package hyperref Info: PDF/A mode OFF on input line 6328.
LaTeX Info: Redefining \ref on input line 6368.
LaTeX Info: Redefining \pageref on input line 6372.
\Hy@abspage=\count101
\c@Item=\count102
\c@Hfootnote=\count103
)

Package hyperref Message: Driver (autodetected): hpdftex.

(/usr/local/texlive/2016/texmf-dist/tex/latex/hyperref/hpdftex.def
File: hpdftex.def 2016/05/05 v6.83n Hyperref driver for pdfTeX
\Fld@listcount=\count104
\c@bookmark@seq@number=\count105
 (/usr/local/texlive/2016/texmf-dist/tex/latex/oberdiek/rerunfilecheck.sty
Package: rerunfilecheck 2016/05/16 v1.8 Rerun checks for auxiliary files (HO)
Package uniquecounter Info: New unique counter `rerunfilecheck' on input line 282.
)
\Hy@SectionHShift=\skip49
) (/usr/local/texlive/2016/texmf-dist/tex/latex/tools/dcolumn.sty
Package: dcolumn 2014/10/28 v1.06 decimal alignment package (DPC)
 (/usr/local/texlive/2016/texmf-dist/tex/latex/tools/array.sty
Package: array 2014/10/28 v2.4c Tabular extension package (FMi)
\col@sep=\dimen121
\extrarowheight=\dimen122
\NC@list=\toks20
\extratabsurround=\skip50
\backup@length=\skip51
)) (/usr/local/texlive/2016/texmf-dist/tex/latex/booktabs/booktabs.sty
Package: booktabs 2016/04/27 v1.618033 publication quality tables
\heavyrulewidth=\dimen123
\lightrulewidth=\dimen124
\cmidrulewidth=\dimen125
\belowrulesep=\dimen126
\belowbottomsep=\dimen127
\aboverulesep=\dimen128
\abovetopsep=\dimen129
\cmidrulesep=\dimen130
\cmidrulekern=\dimen131
\defaultaddspace=\dimen132
\@cmidla=\count106
\@cmidlb=\count107
\@aboverulesep=\dimen133
\@belowrulesep=\dimen134
\@thisruleclass=\count108
\@lastruleclass=\count109
\@thisrulewidth=\dimen135
)
Package hyperref Info: Option `colorlinks' set `true' on input line 20.
Package hyperref Info: Option `breaklinks' set `true' on input line 20.
 (/usr/local/texlive/2016/texmf-dist/tex/latex/cleveref/cleveref.sty
Package: cleveref 2013/12/28 v0.19 Intelligent cross-referencing
Package cleveref Info: `hyperref' support loaded on input line 2230.
LaTeX Info: Redefining \cref on input line 2230.
LaTeX Info: Redefining \Cref on input line 2230.
LaTeX Info: Redefining \crefrange on input line 2230.
LaTeX Info: Redefining \Crefrange on input line 2230.
LaTeX Info: Redefining \cpageref on input line 2230.
LaTeX Info: Redefining \Cpageref on input line 2230.
LaTeX Info: Redefining \cpagerefrange on input line 2230.
LaTeX Info: Redefining \Cpagerefrange on input line 2230.
LaTeX Info: Redefining \labelcref on input line 2230.
LaTeX Info: Redefining \labelcpageref on input line 2230.
Package cleveref Info: include cross-reference names in hyperlinks on input line 7476.
Package cleveref Info: include cross-reference names in hyperlinks on input line 7493.
Package cleveref Info: no abbreviation of names on input line 7493.
) (/usr/local/texlive/2016/texmf-dist/tex/latex/amsmath/amsmath.sty
Package: amsmath 2016/03/10 v2.15b AMS math features
\@mathmargin=\skip52

For additional information on amsmath, use the `?' option.
(/usr/local/texlive/2016/texmf-dist/tex/latex/amsmath/amstext.sty
Package: amstext 2000/06/29 v2.01 AMS text
 (/usr/local/texlive/2016/texmf-dist/tex/latex/amsmath/amsgen.sty
File: amsgen.sty 1999/11/30 v2.0 generic functions
\@emptytoks=\toks21
\ex@=\dimen136
)) (/usr/local/texlive/2016/texmf-dist/tex/latex/amsmath/amsbsy.sty
Package: amsbsy 1999/11/29 v1.2d Bold Symbols
\pmbraise@=\dimen137
) (/usr/local/texlive/2016/texmf-dist/tex/latex/amsmath/amsopn.sty
Package: amsopn 2016/03/08 v2.02 operator names
)
\inf@bad=\count110
LaTeX Info: Redefining \frac on input line 199.
\uproot@=\count111
\leftroot@=\count112
LaTeX Info: Redefining \overline on input line 297.
\classnum@=\count113
\DOTSCASE@=\count114
LaTeX Info: Redefining \ldots on input line 394.
LaTeX Info: Redefining \dots on input line 397.
LaTeX Info: Redefining \cdots on input line 518.
\Mathstrutbox@=\box26
\strutbox@=\box27
\big@size=\dimen138
LaTeX Font Info:    Redeclaring font encoding OML on input line 634.
LaTeX Font Info:    Redeclaring font encoding OMS on input line 635.
\macc@depth=\count115
\c@MaxMatrixCols=\count116
\dotsspace@=\muskip11
\c@parentequation=\count117
\dspbrk@lvl=\count118
\tag@help=\toks22
\row@=\count119
\column@=\count120
\maxfields@=\count121
\andhelp@=\toks23
\eqnshift@=\dimen139
\alignsep@=\dimen140
\tagshift@=\dimen141
\tagwidth@=\dimen142
\totwidth@=\dimen143
\lineht@=\dimen144
\@envbody=\toks24
\multlinegap=\skip53
\multlinetaggap=\skip54
\mathdisplay@stack=\toks25
LaTeX Info: Redefining \[ on input line 2739.
LaTeX Info: Redefining \] on input line 2740.
) (/usr/local/texlive/2016/texmf-dist/tex/latex/natbib/natbib.sty
Package: natbib 2010/09/13 8.31b (PWD, AO)
\bibhang=\skip55
\bibsep=\skip56
LaTeX Info: Redefining \cite on input line 694.
\c@NAT@ctr=\count122
) (/usr/local/texlive/2016/texmf-dist/tex/latex/amscls/amsthm.sty
Package: amsthm 2015/03/04 v2.20.2
\thm@style=\toks26
\thm@bodyfont=\toks27
\thm@headfont=\toks28
\thm@notefont=\toks29
\thm@headpunct=\toks30
\thm@preskip=\skip57
\thm@postskip=\skip58
\thm@headsep=\skip59
\dth@everypar=\toks31
)
\c@assn=\count123
\c@prop=\count124
\c@lemma=\count125
\c@imp=\count126
\c@hyp=\count127
\c@defn=\count128
\c@rem=\count129
\c@case=\count130
 (/usr/local/texlive/2016/texmf-dist/tex/latex/graphics/lscape.sty
Package: lscape 2000/10/22 v3.01 Landscape Pages (DPC)
) (/usr/local/texlive/2016/texmf-dist/tex/latex/base/inputenc.sty
Package: inputenc 2015/03/17 v1.2c Input encoding file
\inpenc@prehook=\toks32
\inpenc@posthook=\toks33
 (/usr/local/texlive/2016/texmf-dist/tex/latex/base/latin1.def
File: latin1.def 2015/03/17 v1.2c Input encoding file
)) (/usr/local/texlive/2016/texmf-dist/tex/latex/pdfpages/pdfpages.sty
Package: pdfpages 2016/04/19 v0.5f Insert pages of external PDF documents (AM)
 (/usr/local/texlive/2016/texmf-dist/tex/latex/base/ifthen.sty
Package: ifthen 2014/09/29 v1.1c Standard LaTeX ifthen package (DPC)
) (/usr/local/texlive/2016/texmf-dist/tex/latex/tools/calc.sty
Package: calc 2014/10/28 v4.3 Infix arithmetic (KKT,FJ)
\calc@Acount=\count131
\calc@Bcount=\count132
\calc@Adimen=\dimen145
\calc@Bdimen=\dimen146
\calc@Askip=\skip60
\calc@Bskip=\skip61
LaTeX Info: Redefining \setlength on input line 80.
LaTeX Info: Redefining \addtolength on input line 81.
\calc@Ccount=\count133
\calc@Cskip=\skip62
) (/usr/local/texlive/2016/texmf-dist/tex/latex/eso-pic/eso-pic.sty
Package: eso-pic 2015/07/21 v2.0g eso-pic (RN)
)
\AM@pagewidth=\dimen147
\AM@pageheight=\dimen148
 (/usr/local/texlive/2016/texmf-dist/tex/latex/pdfpages/pppdftex.def
File: pppdftex.def 2016/04/19 v0.5f Pdfpages driver for pdfTeX (AM)
)
\AM@pagebox=\box28
\AM@global@opts=\toks34
\AM@toc@title=\toks35
\c@AM@survey=\count134
\AM@templatesizebox=\box29
) (/usr/local/texlive/2016/texmf-dist/tex/latex/oberdiek/pdflscape.sty
Package: pdflscape 2016/05/14 v0.11 Display of landscape pages in PDF (HO)
Package pdflscape Info: Auto-detected driver: pdftex on input line 81.
) (/usr/local/texlive/2016/texmf-dist/tex/latex/placeins/placeins.sty
Package: placeins 2005/04/18  v 2.2
) (/Users/wooaesil/Dropbox/UC Merced/Woo Research/Currently Writing/WooMonroe18/woomon/.texpadtmp/052520 Woo and Monroe.aux)
\openout1 = `"052520 Woo and Monroe.aux"'.

LaTeX Font Info:    Checking defaults for OML/cmm/m/it on input line 47.
LaTeX Font Info:    ... okay on input line 47.
LaTeX Font Info:    Checking defaults for T1/cmr/m/n on input line 47.
LaTeX Font Info:    ... okay on input line 47.
LaTeX Font Info:    Checking defaults for OT1/cmr/m/n on input line 47.
LaTeX Font Info:    ... okay on input line 47.
LaTeX Font Info:    Checking defaults for OMS/cmsy/m/n on input line 47.
LaTeX Font Info:    ... okay on input line 47.
LaTeX Font Info:    Checking defaults for OMX/cmex/m/n on input line 47.
LaTeX Font Info:    ... okay on input line 47.
LaTeX Font Info:    Checking defaults for U/cmr/m/n on input line 47.
LaTeX Font Info:    ... okay on input line 47.
LaTeX Font Info:    Checking defaults for FML/futm/m/it on input line 47.
LaTeX Font Info:    Try loading font information for FML+futm on input line 47.
 (/usr/local/texlive/2016/texmf-dist/tex/latex/fourier/fmlfutm.fd
File: fmlfutm.fd 2004/10/30 Fontinst v1.926 font definitions for FML/futm.
)
LaTeX Font Info:    ... okay on input line 47.
LaTeX Font Info:    Checking defaults for FMS/futm/m/n on input line 47.
LaTeX Font Info:    Try loading font information for FMS+futm on input line 47.
 (/usr/local/texlive/2016/texmf-dist/tex/latex/fourier/fmsfutm.fd
File: fmsfutm.fd 2004/10/30 Fontinst v1.926 font definitions for FMS/futm.
)
LaTeX Font Info:    ... okay on input line 47.
LaTeX Font Info:    Checking defaults for FMX/futm/m/n on input line 47.
LaTeX Font Info:    Try loading font information for FMX+futm on input line 47.
 (/usr/local/texlive/2016/texmf-dist/tex/latex/fourier/fmxfutm.fd
File: fmxfutm.fd futm-extension
)
LaTeX Font Info:    ... okay on input line 47.
LaTeX Font Info:    Checking defaults for TS1/cmr/m/n on input line 47.
LaTeX Font Info:    Try loading font information for TS1+cmr on input line 47.
 (/usr/local/texlive/2016/texmf-dist/tex/latex/base/ts1cmr.fd
File: ts1cmr.fd 2014/09/29 v2.5h Standard LaTeX font definitions
)
LaTeX Font Info:    ... okay on input line 47.
LaTeX Font Info:    Checking defaults for PD1/pdf/m/n on input line 47.
LaTeX Font Info:    ... okay on input line 47.
LaTeX Font Info:    Try loading font information for T1+futs on input line 47.
 (/usr/local/texlive/2016/texmf-dist/tex/latex/fourier/t1futs.fd
File: t1futs.fd 2004/03/02 Fontinst v1.926 font definitions for T1/futs.
)
*geometry* driver: auto-detecting
*geometry* detected driver: pdftex
*geometry* verbose mode - [ preamble ] result:
* driver: pdftex
* paper: <default>
* layout: <same size as paper>
* layoutoffset:(h,v)=(0.0pt,0.0pt)
* modes: 
* h-part:(L,W,R)=(72.26999pt, 469.75502pt, 72.26999pt)
* v-part:(T,H,B)=(72.26999pt, 650.43001pt, 72.26999pt)
* \paperwidth=614.295pt
* \paperheight=794.96999pt
* \textwidth=469.75502pt
* \textheight=650.43001pt
* \oddsidemargin=0.0pt
* \evensidemargin=0.0pt
* \topmargin=-37.0pt
* \headheight=12.0pt
* \headsep=25.0pt
* \topskip=12.0pt
* \footskip=30.0pt
* \marginparwidth=44.0pt
* \marginparsep=10.0pt
* \columnsep=10.0pt
* \skip\footins=10.8pt plus 4.0pt minus 2.0pt
* \hoffset=0.0pt
* \voffset=0.0pt
* \mag=1000
* \@twocolumnfalse
* \@twosidefalse
* \@mparswitchfalse
* \@reversemarginfalse
* (1in=72.27pt=25.4mm, 1cm=28.453pt)

(/usr/local/texlive/2016/texmf-dist/tex/context/base/mkii/supp-pdf.mkii
[Loading MPS to PDF converter (version 2006.09.02).]
\scratchcounter=\count135
\scratchdimen=\dimen149
\scratchbox=\box30
\nofMPsegments=\count136
\nofMParguments=\count137
\everyMPshowfont=\toks36
\MPscratchCnt=\count138
\MPscratchDim=\dimen150
\MPnumerator=\count139
\makeMPintoPDFobject=\count140
\everyMPtoPDFconversion=\toks37
)
\AtBeginShipoutBox=\box31
Package hyperref Info: Link coloring ON on input line 47.
 (/usr/local/texlive/2016/texmf-dist/tex/latex/hyperref/nameref.sty
Package: nameref 2012/10/27 v2.43 Cross-referencing by name of section
 (/usr/local/texlive/2016/texmf-dist/tex/generic/oberdiek/gettitlestring.sty
Package: gettitlestring 2016/05/16 v1.5 Cleanup title references (HO)
)
\c@section@level=\count141
)
LaTeX Info: Redefining \ref on input line 47.
LaTeX Info: Redefining \pageref on input line 47.
LaTeX Info: Redefining \nameref on input line 47.
 (/Users/wooaesil/Dropbox/UC Merced/Woo Research/Currently Writing/WooMonroe18/woomon/.texpadtmp/052520 Woo and Monroe.out) (/Users/wooaesil/Dropbox/UC Merced/Woo Research/Currently Writing/WooMonroe18/woomon/.texpadtmp/052520 Woo and Monroe.out)
\@outlinefile=\write4
\openout4 = `"052520 Woo and Monroe.out"'.

LaTeX Font Info:    Try loading font information for FML+futmi on input line 60.
 (/usr/local/texlive/2016/texmf-dist/tex/latex/fourier/fmlfutmi.fd
File: fmlfutmi.fd 2004/10/30 Fontinst v1.926 font definitions for FML/futmi.
)
LaTeX Font Info:    Font shape `FMX/futm/m/n' will be
(Font)              scaled to size 13.24796pt on input line 60.
LaTeX Font Info:    Font shape `FMX/futm/m/n' will be
(Font)              scaled to size 9.19998pt on input line 60.
LaTeX Font Info:    Font shape `FMX/futm/m/n' will be
(Font)              scaled to size 7.35999pt on input line 60.
LaTeX Font Info:    Font shape `U/futm/m/n' will be
(Font)              scaled to size 13.24796pt on input line 60.
LaTeX Font Info:    Font shape `U/futm/m/n' will be
(Font)              scaled to size 9.19998pt on input line 60.
LaTeX Font Info:    Font shape `U/futm/m/n' will be
(Font)              scaled to size 7.35999pt on input line 60.
LaTeX Font Info:    Try loading font information for U+msa on input line 60.
 (/usr/local/texlive/2016/texmf-dist/tex/latex/amsfonts/umsa.fd
File: umsa.fd 2013/01/14 v3.01 AMS symbols A
)
LaTeX Font Info:    Try loading font information for U+msb on input line 60.
 (/usr/local/texlive/2016/texmf-dist/tex/latex/amsfonts/umsb.fd
File: umsb.fd 2013/01/14 v3.01 AMS symbols B
)
LaTeX Font Info:    Font shape `FMX/futm/m/n' will be
(Font)              scaled to size 15.89755pt on input line 60.
LaTeX Font Info:    Font shape `FMX/futm/m/n' will be
(Font)              scaled to size 11.03998pt on input line 60.
LaTeX Font Info:    Font shape `FMX/futm/m/n' will be
(Font)              scaled to size 8.27998pt on input line 60.
LaTeX Font Info:    Font shape `U/futm/m/n' will be
(Font)              scaled to size 15.89755pt on input line 60.
LaTeX Font Info:    Font shape `U/futm/m/n' will be
(Font)              scaled to size 11.03998pt on input line 60.
LaTeX Font Info:    Font shape `U/futm/m/n' will be
(Font)              scaled to size 8.27998pt on input line 60.
LaTeX Font Info:    Try loading font information for TS1+futs on input line 60.
 (/usr/local/texlive/2016/texmf-dist/tex/latex/fourier/ts1futs.fd
File: ts1futs.fd 2004/03/26 Fontinst v1.926 font definitions for TS1/futs.
)
LaTeX Font Info:    Font shape `FMX/futm/m/n' will be
(Font)              scaled to size 6.99199pt on input line 60.
LaTeX Font Info:    Font shape `FMX/futm/m/n' will be
(Font)              scaled to size 5.51999pt on input line 60.
LaTeX Font Info:    Font shape `U/futm/m/n' will be
(Font)              scaled to size 6.99199pt on input line 60.
LaTeX Font Info:    Font shape `U/futm/m/n' will be
(Font)              scaled to size 5.51999pt on input line 60.

Underfull \hbox (badness 1005) in paragraph at lines 60--60
[][]\T1/futs/m/n/10 Associate Pro-fes-sor of Po-lit-i-cal Sci-ence, Tony Coelho En-dowed Chair of Pub-lic Pol-icy. Email: nmon-
 []

LaTeX Font Info:    Font shape `T1/futs/bx/n' in size <10.95> not available
(Font)              Font shape `T1/futs/b/n' tried instead on input line 63.
[1

{/usr/local/texlive/2016/texmf-var/fonts/map/pdftex/updmap/pdftex.map}]
LaTeX Font Info:    Font shape `T1/futs/bx/n' in size <17.28> not available
(Font)              Font shape `T1/futs/b/n' tried instead on input line 71.
LaTeX Font Info:    Font shape `FMX/futm/m/n' will be
(Font)              scaled to size 6.43999pt on input line 72.
LaTeX Font Info:    Font shape `U/futm/m/n' will be
(Font)              scaled to size 6.43999pt on input line 72.

Overfull \hbox (11.34833pt too wide) in paragraph at lines 72--82
\T1/futs/m/n/12 from se-cur-ing a sup-port-ing coali-tion ([][]Svo-lik[][] [][]2012[][]) or mol-li-fy-ing po-ten-tial threats to power ([][]Gandhi[][]
 []


Overfull \hbox (2.0964pt too wide) in paragraph at lines 72--82
\T1/futs/m/n/12 that when the leader has first pro-posal power, her pol-icy util-ity suf-fers sig-nif-i-cantly larger deficits
 []

pdfTeX warning (ext4): destination with the same identifier (name{page.1}) has been already used, duplicate ignored
<to be read again> 
                   \relax 
l.82 
      [1

]
Overfull \hbox (23.44118pt too wide) in paragraph at lines 86--92
[]\T1/futs/m/n/12 More re-cently, the for-mal lit-er-a-ture on leg-isla-tive procedure--housed in the New Institutionalism--
 []

[2] [3]

LaTeX Warning: File `unidimen.png' not found on input line 101.


./052520 Woo and Monroe.tex:101: Package pdftex.def Error: File `unidimen.png' not found.

See the pdftex.def package documentation for explanation.
Type  H <return>  for immediate help.
 ...                                              
                                                  
l.101 \includegraphics[scale=0.6]{unidimen.png}
                                               
Using draft setting for this image.
Try typing  <return>  to proceed.
If that doesn't work, type  X <return>  to quit.

LaTeX Font Info:    Try loading font information for T1+cmtt on input line 101.
(/usr/local/texlive/2016/texmf-dist/tex/latex/base/t1cmtt.fd
File: t1cmtt.fd 2014/09/29 v2.5h Standard LaTeX font definitions
) [4]
LaTeX Font Info:    Font shape `T1/futs/bx/n' in size <14.4> not available
(Font)              Font shape `T1/futs/b/n' tried instead on input line 117.
LaTeX Font Info:    Font shape `T1/futs/bx/n' in size <12> not available
(Font)              Font shape `T1/futs/b/n' tried instead on input line 118.
 [5] [6]

./052520 Woo and Monroe.tex:138: LaTeX Error: File `lpm' not found.

See the LaTeX manual or LaTeX Companion for explanation.
Type  H <return>  for immediate help.
 ...                                              
                                                  
l.138     \includegraphics[width=\textwidth]{lpm}
                                                 
I could not locate the file with any of these extensions:
.png,.pdf,.jpg,.mps,.jpeg,.jbig2,.jb2,.PNG,.PDF,.JPG,.JPEG,.JBIG2,.JB2,.eps
Try typing  <return>  to proceed.
If that doesn't work, type  X <return>  to quit.


./052520 Woo and Monroe.tex:144: LaTeX Error: File `lpeq' not found.

See the LaTeX manual or LaTeX Companion for explanation.
Type  H <return>  for immediate help.
 ...                                              
                                                  
l.144     \includegraphics[width=\textwidth]{lpeq}
                                                  
I could not locate the file with any of these extensions:
.png,.pdf,.jpg,.mps,.jpeg,.jbig2,.jb2,.PNG,.PDF,.JPG,.JPEG,.JBIG2,.JB2,.eps
Try typing  <return>  to proceed.
If that doesn't work, type  X <return>  to quit.

[7]

LaTeX Warning: File `lpoam.png' not found on input line 189.


./052520 Woo and Monroe.tex:189: Package pdftex.def Error: File `lpoam.png' not found.

See the pdftex.def package documentation for explanation.
Type  H <return>  for immediate help.
 ...                                              
                                                  
l.189 ...ludegraphics[width=\textwidth]{lpoam.png}
                                                  
Using draft setting for this image.
Try typing  <return>  to proceed.
If that doesn't work, type  X <return>  to quit.


LaTeX Warning: File `lpoaeq.png' not found on input line 195.


./052520 Woo and Monroe.tex:195: Package pdftex.def Error: File `lpoaeq.png' not found.

See the pdftex.def package documentation for explanation.
Type  H <return>  for immediate help.
 ...                                              
                                                  
l.195 ...udegraphics[width=\textwidth]{lpoaeq.png}
                                                  
Using draft setting for this image.
Try typing  <return>  to proceed.
If that doesn't work, type  X <return>  to quit.

[8]

LaTeX Warning: File `lpoalam.png' not found on input line 221.


./052520 Woo and Monroe.tex:221: Package pdftex.def Error: File `lpoalam.png' not found.

See the pdftex.def package documentation for explanation.
Type  H <return>  for immediate help.
 ...                                              
                                                  
l.221 ...degraphics[width=\textwidth]{lpoalam.png}
                                                  
Using draft setting for this image.
Try typing  <return>  to proceed.
If that doesn't work, type  X <return>  to quit.


Underfull \hbox (badness 10000) in paragraph at lines 222--222
\T1/futs/m/n/12 ment Power paired with
 []


Underfull \hbox (badness 10000) in paragraph at lines 222--222
\T1/futs/m/n/12 Op-po-si-tion's Amend-ment
 []


LaTeX Warning: File `lpoalameq.png' not found on input line 227.


./052520 Woo and Monroe.tex:227: Package pdftex.def Error: File `lpoalameq.png' not found.

See the pdftex.def package documentation for explanation.
Type  H <return>  for immediate help.
 ...                                              
                                                  
l.227 ...graphics[width=\textwidth]{lpoalameq.png}
                                                  
Using draft setting for this image.
Try typing  <return>  to proceed.
If that doesn't work, type  X <return>  to quit.


LaTeX Warning: `h' float specifier changed to `ht'.

[9]

LaTeX Warning: File `lpoalv.png' not found on input line 267.


./052520 Woo and Monroe.tex:267: Package pdftex.def Error: File `lpoalv.png' not found.

See the pdftex.def package documentation for explanation.
Type  H <return>  for immediate help.
 ...                                              
                                                  
l.267 ...udegraphics[width=\textwidth]{lpoalv.png}
                                                  
Using draft setting for this image.
Try typing  <return>  to proceed.
If that doesn't work, type  X <return>  to quit.


Underfull \hbox (badness 10000) in paragraph at lines 268--268
[]\T1/futs/m/n/12 Figure 8: []Leader's Veto
 []


LaTeX Warning: File `lpoalveq.png' not found on input line 273.


./052520 Woo and Monroe.tex:273: Package pdftex.def Error: File `lpoalveq.png' not found.

See the pdftex.def package documentation for explanation.
Type  H <return>  for immediate help.
 ...                                              
                                                  
l.273 ...egraphics[width=\textwidth]{lpoalveq.png}
                                                  
Using draft setting for this image.
Try typing  <return>  to proceed.
If that doesn't work, type  X <return>  to quit.


LaTeX Warning: `h' float specifier changed to `ht'.

[10]

LaTeX Warning: File `lpoalalv.png' not found on input line 303.


./052520 Woo and Monroe.tex:303: Package pdftex.def Error: File `lpoalalv.png' not found.

See the pdftex.def package documentation for explanation.
Type  H <return>  for immediate help.
 ...                                              
                                                  
l.303 ...egraphics[width=\textwidth]{lpoalalv.png}
                                                  
Using draft setting for this image.
Try typing  <return>  to proceed.
If that doesn't work, type  X <return>  to quit.


Underfull \hbox (badness 10000) in paragraph at lines 304--304
\T1/futs/m/n/12 paired with Op-po-si-tion's
 []


LaTeX Warning: File `lpoalalveq.png' not found on input line 309.


./052520 Woo and Monroe.tex:309: Package pdftex.def Error: File `lpoalalveq.png' not found.

See the pdftex.def package documentation for explanation.
Type  H <return>  for immediate help.
 ...                                              
                                                  
l.309 ...raphics[width=\textwidth]{lpoalalveq.png}
                                                  
Using draft setting for this image.
Try typing  <return>  to proceed.
If that doesn't work, type  X <return>  to quit.


LaTeX Warning: `h' float specifier changed to `ht'.

[11]

LaTeX Warning: File `lpos.png' not found on input line 340.


./052520 Woo and Monroe.tex:340: Package pdftex.def Error: File `lpos.png' not found.

See the pdftex.def package documentation for explanation.
Type  H <return>  for immediate help.
 ...                                              
                                                  
l.340 ...cludegraphics[width=\textwidth]{lpos.png}
                                                  
Using draft setting for this image.
Try typing  <return>  to proceed.
If that doesn't work, type  X <return>  to quit.


Underfull \hbox (badness 1371) in paragraph at lines 341--341
[]\T1/futs/m/n/12 Figure 12: []Poison 2: Op-
 []


Underfull \hbox (badness 2111) in paragraph at lines 341--341
\T1/futs/m/n/12 po-si-tion's Sec-ond Pro-posal
 []


LaTeX Warning: File `lposeq.png' not found on input line 346.


./052520 Woo and Monroe.tex:346: Package pdftex.def Error: File `lposeq.png' not found.

See the pdftex.def package documentation for explanation.
Type  H <return>  for immediate help.
 ...                                              
                                                  
l.346 ...udegraphics[width=\textwidth]{lposeq.png}
                                                  
Using draft setting for this image.
Try typing  <return>  to proceed.
If that doesn't work, type  X <return>  to quit.


LaTeX Warning: `h' float specifier changed to `ht'.

[12]

LaTeX Warning: File `lposla.png' not found on input line 367.


./052520 Woo and Monroe.tex:367: Package pdftex.def Error: File `lposla.png' not found.

See the pdftex.def package documentation for explanation.
Type  H <return>  for immediate help.
 ...                                              
                                                  
l.367 ...udegraphics[width=\textwidth]{lposla.png}
                                                  
Using draft setting for this image.
Try typing  <return>  to proceed.
If that doesn't work, type  X <return>  to quit.


Underfull \hbox (badness 2111) in paragraph at lines 368--368
\T1/futs/m/n/12 po-si-tion's Sec-ond Pro-posal
 []


LaTeX Warning: File `lposlaeq.png' not found on input line 373.


./052520 Woo and Monroe.tex:373: Package pdftex.def Error: File `lposlaeq.png' not found.

See the pdftex.def package documentation for explanation.
Type  H <return>  for immediate help.
 ...                                              
                                                  
l.373 ...egraphics[width=\textwidth]{lposlaeq.png}
                                                  
Using draft setting for this image.
Try typing  <return>  to proceed.
If that doesn't work, type  X <return>  to quit.

[13] [14]

LaTeX Warning: File `lposlv.png' not found on input line 386.


./052520 Woo and Monroe.tex:386: Package pdftex.def Error: File `lposlv.png' not found.

See the pdftex.def package documentation for explanation.
Type  H <return>  for immediate help.
 ...                                              
                                                  
l.386 ...udegraphics[width=\textwidth]{lposlv.png}
                                                  
Using draft setting for this image.
Try typing  <return>  to proceed.
If that doesn't work, type  X <return>  to quit.


Underfull \hbox (badness 6316) in paragraph at lines 387--387
[]\T1/futs/m/n/12 Figure 16: []Leader's Veto
 []


Underfull \hbox (badness 4660) in paragraph at lines 387--387
\T1/futs/m/n/12 Power paired with Op-po-
 []


Underfull \hbox (badness 10000) in paragraph at lines 387--387
\T1/futs/m/n/12 si-tion's Sec-ond Pro-posal
 []


LaTeX Warning: File `lposlveq.png' not found on input line 392.


./052520 Woo and Monroe.tex:392: Package pdftex.def Error: File `lposlveq.png' not found.

See the pdftex.def package documentation for explanation.
Type  H <return>  for immediate help.
 ...                                              
                                                  
l.392 ...egraphics[width=\textwidth]{lposlveq.png}
                                                  
Using draft setting for this image.
Try typing  <return>  to proceed.
If that doesn't work, type  X <return>  to quit.


LaTeX Warning: File `lposlalv.png' not found on input line 402.


./052520 Woo and Monroe.tex:402: Package pdftex.def Error: File `lposlalv.png' not found.

See the pdftex.def package documentation for explanation.
Type  H <return>  for immediate help.
 ...                                              
                                                  
l.402 ...egraphics[width=\textwidth]{lposlalv.png}
                                                  
Using draft setting for this image.
Try typing  <return>  to proceed.
If that doesn't work, type  X <return>  to quit.


Underfull \hbox (badness 10000) in paragraph at lines 403--403
\T1/futs/m/n/12 paired with Op-po-si-tion's
 []


LaTeX Warning: File `lposlalveq.png' not found on input line 408.


./052520 Woo and Monroe.tex:408: Package pdftex.def Error: File `lposlalveq.png' not found.

See the pdftex.def package documentation for explanation.
Type  H <return>  for immediate help.
 ...                                              
                                                  
l.408 ...raphics[width=\textwidth]{lposlalveq.png}
                                                  
Using draft setting for this image.
Try typing  <return>  to proceed.
If that doesn't work, type  X <return>  to quit.


LaTeX Warning: `h' float specifier changed to `ht'.

[15] [16]

LaTeX Warning: File `opm.png' not found on input line 444.


./052520 Woo and Monroe.tex:444: Package pdftex.def Error: File `opm.png' not found.

See the pdftex.def package documentation for explanation.
Type  H <return>  for immediate help.
 ...                                              
                                                  
l.444 ...ncludegraphics[width=\textwidth]{opm.png}
                                                  
Using draft setting for this image.
Try typing  <return>  to proceed.
If that doesn't work, type  X <return>  to quit.


LaTeX Warning: File `opmeq.png' not found on input line 450.


./052520 Woo and Monroe.tex:450: Package pdftex.def Error: File `opmeq.png' not found.

See the pdftex.def package documentation for explanation.
Type  H <return>  for immediate help.
 ...                                              
                                                  
l.450 ...ludegraphics[width=\textwidth]{opmeq.png}
                                                  
Using draft setting for this image.
Try typing  <return>  to proceed.
If that doesn't work, type  X <return>  to quit.

[17]

LaTeX Warning: File `opls.png' not found on input line 472.


./052520 Woo and Monroe.tex:472: Package pdftex.def Error: File `opls.png' not found.

See the pdftex.def package documentation for explanation.
Type  H <return>  for immediate help.
 ...                                              
                                                  
l.472 ...cludegraphics[width=\textwidth]{opls.png}
                                                  
Using draft setting for this image.
Try typing  <return>  to proceed.
If that doesn't work, type  X <return>  to quit.


Underfull \hbox (badness 1635) in paragraph at lines 473--473
\T1/futs/m/n/12 Op-po-si-tion's First Pro-posal
 []


LaTeX Warning: File `oplseq.png' not found on input line 478.


./052520 Woo and Monroe.tex:478: Package pdftex.def Error: File `oplseq.png' not found.

See the pdftex.def package documentation for explanation.
Type  H <return>  for immediate help.
 ...                                              
                                                  
l.478 ...udegraphics[width=\textwidth]{oplseq.png}
                                                  
Using draft setting for this image.
Try typing  <return>  to proceed.
If that doesn't work, type  X <return>  to quit.


LaTeX Warning: `h' float specifier changed to `ht'.

[18]

LaTeX Warning: File `opla.png' not found on input line 492.


./052520 Woo and Monroe.tex:492: Package pdftex.def Error: File `opla.png' not found.

See the pdftex.def package documentation for explanation.
Type  H <return>  for immediate help.
 ...                                              
                                                  
l.492 ...cludegraphics[width=\textwidth]{opla.png}
                                                  
Using draft setting for this image.
Try typing  <return>  to proceed.
If that doesn't work, type  X <return>  to quit.


Underfull \hbox (badness 10000) in paragraph at lines 493--493
\T1/futs/m/n/12 ment Power paired with
 []


Underfull \hbox (badness 1635) in paragraph at lines 493--493
\T1/futs/m/n/12 Op-po-si-tion's First Pro-posal
 []


LaTeX Warning: File `oplaeq.png' not found on input line 498.


./052520 Woo and Monroe.tex:498: Package pdftex.def Error: File `oplaeq.png' not found.

See the pdftex.def package documentation for explanation.
Type  H <return>  for immediate help.
 ...                                              
                                                  
l.498 ...udegraphics[width=\textwidth]{oplaeq.png}
                                                  
Using draft setting for this image.
Try typing  <return>  to proceed.
If that doesn't work, type  X <return>  to quit.


LaTeX Warning: `h' float specifier changed to `ht'.

[19]

LaTeX Warning: File `oplv.png' not found on input line 512.


./052520 Woo and Monroe.tex:512: Package pdftex.def Error: File `oplv.png' not found.

See the pdftex.def package documentation for explanation.
Type  H <return>  for immediate help.
 ...                                              
                                                  
l.512 ...cludegraphics[width=\textwidth]{oplv.png}
                                                  
Using draft setting for this image.
Try typing  <return>  to proceed.
If that doesn't work, type  X <return>  to quit.


Underfull \hbox (badness 6316) in paragraph at lines 513--513
[]\T1/futs/m/n/12 Figure 26: []Leader's Veto
 []


LaTeX Warning: File `oplveq.png' not found on input line 518.


./052520 Woo and Monroe.tex:518: Package pdftex.def Error: File `oplveq.png' not found.

See the pdftex.def package documentation for explanation.
Type  H <return>  for immediate help.
 ...                                              
                                                  
l.518 ...udegraphics[width=\textwidth]{oplveq.png}
                                                  
Using draft setting for this image.
Try typing  <return>  to proceed.
If that doesn't work, type  X <return>  to quit.

[20]

LaTeX Warning: File `savedbyamend.png' not found on input line 529.


./052520 Woo and Monroe.tex:529: Package pdftex.def Error: File `savedbyamend.png' not found.

See the pdftex.def package documentation for explanation.
Type  H <return>  for immediate help.
 ...                                              
                                                  
l.529 ...ludegraphics[scale=0.4]{savedbyamend.png}
                                                  
Using draft setting for this image.
Try typing  <return>  to proceed.
If that doesn't work, type  X <return>  to quit.

[21]

LaTeX Warning: File `oplals.png' not found on input line 543.


./052520 Woo and Monroe.tex:543: Package pdftex.def Error: File `oplals.png' not found.

See the pdftex.def package documentation for explanation.
Type  H <return>  for immediate help.
 ...                                              
                                                  
l.543 ...udegraphics[width=\textwidth]{oplals.png}
                                                  
Using draft setting for this image.
Try typing  <return>  to proceed.
If that doesn't work, type  X <return>  to quit.


Underfull \hbox (badness 6927) in paragraph at lines 544--544
[]\T1/futs/m/n/12 Figure 29: []Leader's Sec-
 []


Underfull \hbox (badness 1122) in paragraph at lines 544--544
\T1/futs/m/n/12 ond Pro-posal and Amend-
 []


Underfull \hbox (badness 2772) in paragraph at lines 544--544
\T1/futs/m/n/12 ment Power Power paired
 []


LaTeX Warning: File `oplalseq.png' not found on input line 549.


./052520 Woo and Monroe.tex:549: Package pdftex.def Error: File `oplalseq.png' not found.

See the pdftex.def package documentation for explanation.
Type  H <return>  for immediate help.
 ...                                              
                                                  
l.549 ...egraphics[width=\textwidth]{oplalseq.png}
                                                  
Using draft setting for this image.
Try typing  <return>  to proceed.
If that doesn't work, type  X <return>  to quit.


LaTeX Warning: File `oplslv.png' not found on input line 563.


./052520 Woo and Monroe.tex:563: Package pdftex.def Error: File `oplslv.png' not found.

See the pdftex.def package documentation for explanation.
Type  H <return>  for immediate help.
 ...                                              
                                                  
l.563 ...udegraphics[width=\textwidth]{oplslv.png}
                                                  
Using draft setting for this image.
Try typing  <return>  to proceed.
If that doesn't work, type  X <return>  to quit.


Underfull \hbox (badness 6188) in paragraph at lines 564--564
\T1/futs/m/n/12 Pro-posal Power and Veto
 []


LaTeX Warning: File `oplslveq.png' not found on input line 569.


./052520 Woo and Monroe.tex:569: Package pdftex.def Error: File `oplslveq.png' not found.

See the pdftex.def package documentation for explanation.
Type  H <return>  for immediate help.
 ...                                              
                                                  
l.569 ...egraphics[width=\textwidth]{oplslveq.png}
                                                  
Using draft setting for this image.
Try typing  <return>  to proceed.
If that doesn't work, type  X <return>  to quit.


LaTeX Warning: `h' float specifier changed to `ht'.

[22]

LaTeX Warning: File `oplalv.png' not found on input line 584.


./052520 Woo and Monroe.tex:584: Package pdftex.def Error: File `oplalv.png' not found.

See the pdftex.def package documentation for explanation.
Type  H <return>  for immediate help.
 ...                                              
                                                  
l.584 ...udegraphics[width=\textwidth]{oplalv.png}
                                                  
Using draft setting for this image.
Try typing  <return>  to proceed.
If that doesn't work, type  X <return>  to quit.


Underfull \hbox (badness 10000) in paragraph at lines 585--585
\T1/futs/m/n/12 paired with Op-po-si-tion's
 []


LaTeX Warning: File `oplalveq.png' not found on input line 590.


./052520 Woo and Monroe.tex:590: Package pdftex.def Error: File `oplalveq.png' not found.

See the pdftex.def package documentation for explanation.
Type  H <return>  for immediate help.
 ...                                              
                                                  
l.590 ...egraphics[width=\textwidth]{oplalveq.png}
                                                  
Using draft setting for this image.
Try typing  <return>  to proceed.
If that doesn't work, type  X <return>  to quit.


LaTeX Warning: `h' float specifier changed to `ht'.

[23] [24]

LaTeX Warning: Reference `' on page 25 undefined on input line 602.


LaTeX Warning: File `oplslalv.png' not found on input line 606.


./052520 Woo and Monroe.tex:606: Package pdftex.def Error: File `oplslalv.png' not found.

See the pdftex.def package documentation for explanation.
Type  H <return>  for immediate help.
 ...                                              
                                                  
l.606 ...egraphics[width=\textwidth]{oplslalv.png}
                                                  
Using draft setting for this image.
Try typing  <return>  to proceed.
If that doesn't work, type  X <return>  to quit.


Underfull \hbox (badness 10000) in paragraph at lines 607--607
\T1/futs/m/n/12 Pro-posal Power, Amend-
 []


Underfull \hbox (badness 10000) in paragraph at lines 607--607
\T1/futs/m/n/12 paired with Op-po-si-tion's
 []


LaTeX Warning: File `oplslalveq.png' not found on input line 612.


./052520 Woo and Monroe.tex:612: Package pdftex.def Error: File `oplslalveq.png' not found.

See the pdftex.def package documentation for explanation.
Type  H <return>  for immediate help.
 ...                                              
                                                  
l.612 ...raphics[width=\textwidth]{oplslalveq.png}
                                                  
Using draft setting for this image.
Try typing  <return>  to proceed.
If that doesn't work, type  X <return>  to quit.


LaTeX Warning: `h' float specifier changed to `ht'.

[25

] [26]
Overfull \hbox (1.84845pt too wide) in paragraph at lines 633--642
\T1/futs/m/n/12 separately or in combination--reduced opposition-amendment driven pol-icy losses. Thus, when
 []

[27] [28] (/Users/wooaesil/Dropbox/UC Merced/Woo Research/Currently Writing/WooMonroe18/woomon/.texpadtmp/052520 Woo and Monroe.bbl [29] [30] [31] [32])
Package atveryend Info: Empty hook `BeforeClearDocument' on input line 658.
 [33]
Package atveryend Info: Empty hook `AfterLastShipout' on input line 658.
 (/Users/wooaesil/Dropbox/UC Merced/Woo Research/Currently Writing/WooMonroe18/woomon/.texpadtmp/052520 Woo and Monroe.aux)
Package atveryend Info: Executing hook `AtVeryEndDocument' on input line 658.
Package atveryend Info: Executing hook `AtEndAfterFileList' on input line 658.
Package rerunfilecheck Info: File `"052520 Woo and Monroe".out' has not changed.
(rerunfilecheck)             Checksum: <no file>.


LaTeX Warning: There were undefined references.

Package atveryend Info: Empty hook `AtVeryVeryEnd' on input line 658.
 ) 
Here is how much of TeX's memory you used:
 10665 strings out of 493014
 167919 string characters out of 6133351
 270583 words of memory out of 5000000
 13782 multiletter control sequences out of 15000+600000
 116925 words of font info for 132 fonts, out of 8000000 for 9000
 1141 hyphenation exceptions out of 8191
 42i,11n,32p,1699b,516s stack positions out of 5000i,500n,10000p,200000b,80000s
{/usr/local/texlive/2016/texmf-dist/fonts/enc/dvips/cm-super/cm-super-t1.enc}{/usr/local/texlive/2016/texmf-dist/fonts/enc/dvips/base/8r.enc}</usr/local/texlive/2016/texmf-dist/fonts/type1/public/fourier/fourier-mlit.pfb></usr/local/texlive/2016/texmf-dist/fonts/type1/public/fourier/fourier-ms.pfb></usr/local/texlive/2016/texmf-dist/fonts/type1/adobe/utopia/putb8a.pfb></usr/local/texlive/2016/texmf-dist/fonts/type1/adobe/utopia/putr8a.pfb></usr/local/texlive/2016/texmf-dist/fonts/type1/adobe/utopia/putri8a.pfb></usr/local/texlive/2016/texmf-dist/fonts/type1/public/cm-super/sftt1200.pfb>
Output written on "/Users/wooaesil/Dropbox/UC Merced/Woo Research/Currently Writing/WooMonroe18/woomon/.texpadtmp/052520 Woo and Monroe.pdf" (34 pages, 167166 bytes).
PDF statistics:
 534 PDF objects out of 1000 (max. 8388607)
 487 compressed objects within 5 object streams
 141 named destinations out of 1000 (max. 500000)
 153 words of extra memory for PDF output out of 10000 (max. 10000000)

